<?xml version="1.0" encoding="UTF-8"?>
<testng-results skipped="0" failed="1" ignored="0" total="3" passed="2">
  <reporter-output>
  </reporter-output>
  <suite name="Command line suite" duration-ms="12324" started-at="2020-10-10T06:01:59 EDT" finished-at="2020-10-10T06:02:11 EDT">
    <groups>
    </groups>
    <test name="Command line test" duration-ms="12324" started-at="2020-10-10T06:01:59 EDT" finished-at="2020-10-10T06:02:11 EDT">
      <class name="testRunnerAllClasses.TestAmazon">
        <test-method status="PASS" signature="setUpAmazon()[pri:0, instance:testRunnerAllClasses.TestAmazon@56ac3a89]" name="setUpAmazon" is-config="true" duration-ms="1715" started-at="2020-10-10T06:02:02 EDT" finished-at="2020-10-10T06:02:04 EDT">
          <reporter-output>
          </reporter-output>
        </test-method> <!-- setUpAmazon -->
        <test-method status="PASS" signature="test1()[pri:0, instance:testRunnerAllClasses.TestAmazon@56ac3a89]" name="test1" duration-ms="1547" started-at="2020-10-10T06:02:04 EDT" finished-at="2020-10-10T06:02:05 EDT">
          <reporter-output>
          </reporter-output>
        </test-method> <!-- test1 -->
        <test-method status="PASS" signature="cleanUp()[pri:0, instance:testRunnerAllClasses.TestAmazon@56ac3a89]" name="cleanUp" is-config="true" duration-ms="1" started-at="2020-10-10T06:02:05 EDT" finished-at="2020-10-10T06:02:05 EDT">
          <reporter-output>
          </reporter-output>
        </test-method> <!-- cleanUp -->
        <test-method status="PASS" signature="setUpAmazon()[pri:0, instance:testRunnerAllClasses.TestAmazon@56ac3a89]" name="setUpAmazon" is-config="true" duration-ms="1292" started-at="2020-10-10T06:02:05 EDT" finished-at="2020-10-10T06:02:07 EDT">
          <reporter-output>
          </reporter-output>
        </test-method> <!-- setUpAmazon -->
        <test-method status="PASS" signature="test2UsingEniumKey()[pri:0, instance:testRunnerAllClasses.TestAmazon@56ac3a89]" name="test2UsingEniumKey" duration-ms="4361" started-at="2020-10-10T06:02:07 EDT" finished-at="2020-10-10T06:02:11 EDT">
          <reporter-output>
          </reporter-output>
        </test-method> <!-- test2UsingEniumKey -->
        <test-method status="PASS" signature="cleanUp()[pri:0, instance:testRunnerAllClasses.TestAmazon@56ac3a89]" name="cleanUp" is-config="true" duration-ms="0" started-at="2020-10-10T06:02:11 EDT" finished-at="2020-10-10T06:02:11 EDT">
          <reporter-output>
          </reporter-output>
        </test-method> <!-- cleanUp -->
      </class> <!-- testRunnerAllClasses.TestAmazon -->
      <class name="testRunnerAllClasses.TestWalmart">
        <test-method status="PASS" signature="setUpWalmart()[pri:0, instance:testRunnerAllClasses.TestWalmart@490ab905]" name="setUpWalmart" is-config="true" duration-ms="2575" started-at="2020-10-10T06:01:59 EDT" finished-at="2020-10-10T06:02:01 EDT">
          <reporter-output>
          </reporter-output>
        </test-method> <!-- setUpWalmart -->
        <test-method status="FAIL" signature="searchItems()[pri:0, instance:testRunnerAllClasses.TestWalmart@490ab905]" name="searchItems" duration-ms="716" started-at="2020-10-10T06:02:01 EDT" finished-at="2020-10-10T06:02:02 EDT">
          <exception class="org.openqa.selenium.NoSuchElementException">
            <message>
              <![CDATA[no such element: Unable to locate element: {"method":"xpath","selector":"//input[@id='global-search-input']"}
  (Session info: chrome=85.0.4183.121)
For documentation on this error, please visit: https://www.seleniumhq.org/exceptions/no_such_element.html
Build info: version: '3.141.59', revision: 'e82be7d358', time: '2018-11-14T08:17:03'
System info: host: 'abcs-MBP', ip: 'fe80:0:0:0:1c7e:3fdf:2d23:de7d%en0', os.name: 'Mac OS X', os.arch: 'x86_64', os.version: '10.15.7', java.version: '1.8.0_265'
Driver info: org.openqa.selenium.chrome.ChromeDriver
Capabilities {acceptInsecureCerts: false, browserName: chrome, browserVersion: 85.0.4183.121, chrome: {chromedriverVersion: 85.0.4183.87 (cd6713ebf92fa..., userDataDir: /var/folders/5w/mkcmv9wd2n9...}, goog:chromeOptions: {debuggerAddress: localhost:56379}, javascriptEnabled: true, networkConnectionEnabled: false, pageLoadStrategy: normal, platform: MAC, platformName: MAC, proxy: Proxy(), setWindowRect: true, strictFileInteractability: false, timeouts: {implicit: 0, pageLoad: 300000, script: 30000}, unhandledPromptBehavior: dismiss and notify, webauthn:virtualAuthenticators: true}
Session ID: 57487c570e0a86e47d3325cf5a55cf44
*** Element info: {Using=xpath, value=//input[@id='global-search-input']}]]>
            </message>
            <full-stacktrace>
              <![CDATA[org.openqa.selenium.NoSuchElementException: no such element: Unable to locate element: {"method":"xpath","selector":"//input[@id='global-search-input']"}
  (Session info: chrome=85.0.4183.121)
For documentation on this error, please visit: https://www.seleniumhq.org/exceptions/no_such_element.html
Build info: version: '3.141.59', revision: 'e82be7d358', time: '2018-11-14T08:17:03'
System info: host: 'abcs-MBP', ip: 'fe80:0:0:0:1c7e:3fdf:2d23:de7d%en0', os.name: 'Mac OS X', os.arch: 'x86_64', os.version: '10.15.7', java.version: '1.8.0_265'
Driver info: org.openqa.selenium.chrome.ChromeDriver
Capabilities {acceptInsecureCerts: false, browserName: chrome, browserVersion: 85.0.4183.121, chrome: {chromedriverVersion: 85.0.4183.87 (cd6713ebf92fa..., userDataDir: /var/folders/5w/mkcmv9wd2n9...}, goog:chromeOptions: {debuggerAddress: localhost:56379}, javascriptEnabled: true, networkConnectionEnabled: false, pageLoadStrategy: normal, platform: MAC, platformName: MAC, proxy: Proxy(), setWindowRect: true, strictFileInteractability: false, timeouts: {implicit: 0, pageLoad: 300000, script: 30000}, unhandledPromptBehavior: dismiss and notify, webauthn:virtualAuthenticators: true}
Session ID: 57487c570e0a86e47d3325cf5a55cf44
*** Element info: {Using=xpath, value=//input[@id='global-search-input']}
at sun.reflect.NativeConstructorAccessorImpl.newInstance0(Native Method)
at sun.reflect.NativeConstructorAccessorImpl.newInstance(NativeConstructorAccessorImpl.java:62)
at sun.reflect.DelegatingConstructorAccessorImpl.newInstance(DelegatingConstructorAccessorImpl.java:45)
at java.lang.reflect.Constructor.newInstance(Constructor.java:423)
at org.openqa.selenium.remote.http.W3CHttpResponseCodec.createException(W3CHttpResponseCodec.java:187)
at org.openqa.selenium.remote.http.W3CHttpResponseCodec.decode(W3CHttpResponseCodec.java:122)
at org.openqa.selenium.remote.http.W3CHttpResponseCodec.decode(W3CHttpResponseCodec.java:49)
at org.openqa.selenium.remote.HttpCommandExecutor.execute(HttpCommandExecutor.java:158)
at org.openqa.selenium.remote.service.DriverCommandExecutor.execute(DriverCommandExecutor.java:83)
at org.openqa.selenium.remote.RemoteWebDriver.execute(RemoteWebDriver.java:552)
at org.openqa.selenium.remote.RemoteWebDriver.findElement(RemoteWebDriver.java:323)
at org.openqa.selenium.remote.RemoteWebDriver.findElementByXPath(RemoteWebDriver.java:428)
at org.openqa.selenium.By$ByXPath.findElement(By.java:353)
at org.openqa.selenium.remote.RemoteWebDriver.findElement(RemoteWebDriver.java:315)
at testRunnerAllClasses.TestWalmart.searchItems(TestWalmart.java:25)
at sun.reflect.NativeMethodAccessorImpl.invoke0(Native Method)
at sun.reflect.NativeMethodAccessorImpl.invoke(NativeMethodAccessorImpl.java:62)
at sun.reflect.DelegatingMethodAccessorImpl.invoke(DelegatingMethodAccessorImpl.java:43)
at java.lang.reflect.Method.invoke(Method.java:498)
at org.testng.internal.MethodInvocationHelper.invokeMethod(MethodInvocationHelper.java:134)
at org.testng.internal.TestInvoker.invokeMethod(TestInvoker.java:597)
at org.testng.internal.TestInvoker.invokeTestMethod(TestInvoker.java:173)
at org.testng.internal.MethodRunner.runInSequence(MethodRunner.java:46)
at org.testng.internal.TestInvoker$MethodInvocationAgent.invoke(TestInvoker.java:816)
at org.testng.internal.TestInvoker.invokeTestMethods(TestInvoker.java:146)
at org.testng.internal.TestMethodWorker.invokeTestMethods(TestMethodWorker.java:146)
at org.testng.internal.TestMethodWorker.run(TestMethodWorker.java:128)
at java.util.ArrayList.forEach(ArrayList.java:1259)
at org.testng.TestRunner.privateRun(TestRunner.java:766)
at org.testng.TestRunner.run(TestRunner.java:587)
at org.testng.SuiteRunner.runTest(SuiteRunner.java:384)
at org.testng.SuiteRunner.runSequentially(SuiteRunner.java:378)
at org.testng.SuiteRunner.privateRun(SuiteRunner.java:337)
at org.testng.SuiteRunner.run(SuiteRunner.java:286)
at org.testng.SuiteRunnerWorker.runSuite(SuiteRunnerWorker.java:53)
at org.testng.SuiteRunnerWorker.run(SuiteRunnerWorker.java:96)
at org.testng.TestNG.runSuitesSequentially(TestNG.java:1187)
at org.testng.TestNG.runSuitesLocally(TestNG.java:1109)
at org.testng.TestNG.runSuites(TestNG.java:1039)
at org.testng.TestNG.run(TestNG.java:1007)
at org.apache.maven.surefire.testng.TestNGExecutor.run(TestNGExecutor.java:77)
at org.apache.maven.surefire.testng.TestNGDirectoryTestSuite.executeMulti(TestNGDirectoryTestSuite.java:159)
at org.apache.maven.surefire.testng.TestNGDirectoryTestSuite.execute(TestNGDirectoryTestSuite.java:99)
at org.apache.maven.surefire.testng.TestNGProvider.invoke(TestNGProvider.java:106)
at sun.reflect.NativeMethodAccessorImpl.invoke0(Native Method)
at sun.reflect.NativeMethodAccessorImpl.invoke(NativeMethodAccessorImpl.java:62)
at sun.reflect.DelegatingMethodAccessorImpl.invoke(DelegatingMethodAccessorImpl.java:43)
at java.lang.reflect.Method.invoke(Method.java:498)
at org.apache.maven.surefire.util.ReflectionUtils.invokeMethodWithArray(ReflectionUtils.java:189)
at org.apache.maven.surefire.booter.ProviderFactory$ProviderProxy.invoke(ProviderFactory.java:165)
at org.apache.maven.surefire.booter.ProviderFactory.invokeProvider(ProviderFactory.java:85)
at org.apache.maven.surefire.booter.ForkedBooter.runSuitesInProcess(ForkedBooter.java:115)
at org.apache.maven.surefire.booter.ForkedBooter.main(ForkedBooter.java:75)
]]>
            </full-stacktrace>
          </exception> <!-- org.openqa.selenium.NoSuchElementException -->
          <reporter-output>
          </reporter-output>
        </test-method> <!-- searchItems -->
        <test-method status="PASS" signature="clearnUp()[pri:0, instance:testRunnerAllClasses.TestWalmart@490ab905]" name="clearnUp" is-config="true" duration-ms="91" started-at="2020-10-10T06:02:02 EDT" finished-at="2020-10-10T06:02:02 EDT">
          <reporter-output>
          </reporter-output>
        </test-method> <!-- clearnUp -->
      </class> <!-- testRunnerAllClasses.TestWalmart -->
    </test> <!-- Command line test -->
  </suite> <!-- Command line suite -->
</testng-results>
